mode: set
github.com/joey1123455/getEasyCoins/main.go:40.13,43.16 2 0
github.com/joey1123455/getEasyCoins/main.go:43.16,44.49 1 0
github.com/joey1123455/getEasyCoins/main.go:46.2,60.54 13 0
github.com/joey1123455/getEasyCoins/main.go:60.54,62.3 1 0
github.com/joey1123455/getEasyCoins/main.go:63.2,65.42 3 0
github.com/joey1123455/getEasyCoins/main.go:68.13,70.16 2 0
github.com/joey1123455/getEasyCoins/main.go:70.16,71.49 1 0
github.com/joey1123455/getEasyCoins/main.go:74.2,76.16 3 0
github.com/joey1123455/getEasyCoins/main.go:76.16,77.68 1 0
github.com/joey1123455/getEasyCoins/main.go:80.2,82.16 3 0
github.com/joey1123455/getEasyCoins/main.go:82.16,83.58 1 0
github.com/joey1123455/getEasyCoins/main.go:86.2,87.16 2 0
github.com/joey1123455/getEasyCoins/main.go:87.16,89.3 1 0
github.com/joey1123455/getEasyCoins/main.go:91.2,100.24 8 0
github.com/joey1123455/getEasyCoins/config/default.go:9.57,17.16 6 0
github.com/joey1123455/getEasyCoins/config/default.go:17.16,19.3 1 0
github.com/joey1123455/getEasyCoins/config/default.go:21.2,22.8 2 0
github.com/joey1123455/getEasyCoins/middleware/recovery.go:18.65,19.30 1 1
github.com/joey1123455/getEasyCoins/middleware/recovery.go:19.30,20.16 1 1
github.com/joey1123455/getEasyCoins/middleware/recovery.go:20.16,21.36 1 1
github.com/joey1123455/getEasyCoins/middleware/recovery.go:21.36,27.5 2 1
github.com/joey1123455/getEasyCoins/middleware/recovery.go:30.3,30.11 1 1
github.com/joey1123455/getEasyCoins/middleware/recovery.go:37.60,40.16 2 1
github.com/joey1123455/getEasyCoins/middleware/recovery.go:40.16,43.3 2 1
github.com/joey1123455/getEasyCoins/middleware/recovery.go:44.2,47.27 3 0
github.com/joey1123455/getEasyCoins/routes/gameHistory.go:12.104,14.2 1 0
github.com/joey1123455/getEasyCoins/routes/gameHistory.go:19.70,25.2 4 0
github.com/joey1123455/getEasyCoins/storage/Storage.go:110.89,112.16 2 0
github.com/joey1123455/getEasyCoins/storage/Storage.go:112.16,114.3 1 0
github.com/joey1123455/getEasyCoins/storage/Storage.go:115.2,115.184 1 0
github.com/joey1123455/getEasyCoins/storage/Storage.go:119.99,121.16 2 0
github.com/joey1123455/getEasyCoins/storage/Storage.go:121.16,123.3 1 0
github.com/joey1123455/getEasyCoins/storage/Storage.go:124.2,124.48 1 0
github.com/joey1123455/getEasyCoins/storage/Storage.go:128.115,130.16 2 0
github.com/joey1123455/getEasyCoins/storage/Storage.go:130.16,132.3 1 0
github.com/joey1123455/getEasyCoins/storage/Storage.go:133.2,133.52 1 0
github.com/joey1123455/getEasyCoins/storage/Storage.go:137.107,139.16 2 0
github.com/joey1123455/getEasyCoins/storage/Storage.go:139.16,141.3 1 0
github.com/joey1123455/getEasyCoins/storage/Storage.go:142.2,142.50 1 0
github.com/joey1123455/getEasyCoins/storage/Storage.go:146.167,148.16 2 0
github.com/joey1123455/getEasyCoins/storage/Storage.go:148.16,150.3 1 0
github.com/joey1123455/getEasyCoins/storage/Storage.go:151.2,151.83 1 0
github.com/joey1123455/getEasyCoins/storage/Storage.go:158.122,160.2 1 0
github.com/joey1123455/getEasyCoins/storage/Storage.go:164.91,166.2 1 0
github.com/joey1123455/getEasyCoins/storage/Storage.go:169.129,171.2 1 0
github.com/joey1123455/getEasyCoins/storage/Storage.go:177.128,179.2 1 0
github.com/joey1123455/getEasyCoins/storage/Storage.go:183.101,185.2 1 0
github.com/joey1123455/getEasyCoins/storage/Storage.go:188.139,190.2 1 0
github.com/joey1123455/getEasyCoins/storage/Storage.go:195.117,199.16 3 0
github.com/joey1123455/getEasyCoins/storage/Storage.go:199.16,201.3 1 0
github.com/joey1123455/getEasyCoins/storage/Storage.go:203.2,205.18 2 0
github.com/joey1123455/getEasyCoins/storage/Storage.go:212.97,214.2 1 0
github.com/joey1123455/getEasyCoins/storage/Storage.go:219.103,221.2 1 0
github.com/joey1123455/getEasyCoins/storage/Storage.go:226.115,230.16 3 0
github.com/joey1123455/getEasyCoins/storage/Storage.go:230.16,232.3 1 0
github.com/joey1123455/getEasyCoins/storage/Storage.go:234.2,236.18 2 0
github.com/joey1123455/getEasyCoins/storage/Storage.go:243.95,245.2 1 0
github.com/joey1123455/getEasyCoins/storage/Storage.go:250.101,252.2 1 0
github.com/joey1123455/getEasyCoins/storage/Storage.go:257.175,259.2 1 0
github.com/joey1123455/getEasyCoins/storage/Storage.go:264.147,266.2 1 0
github.com/joey1123455/getEasyCoins/storage/Storage.go:271.157,273.2 1 0
github.com/joey1123455/getEasyCoins/storage/Storage.go:291.48,293.20 1 0
github.com/joey1123455/getEasyCoins/storage/Storage.go:293.20,295.3 1 0
github.com/joey1123455/getEasyCoins/storage/Storage.go:297.2,297.13 1 0
github.com/joey1123455/getEasyCoins/storage/Storage.go:297.13,298.10 1 0
github.com/joey1123455/getEasyCoins/storage/Storage.go:299.25,301.73 2 0
github.com/joey1123455/getEasyCoins/storage/Storage.go:301.73,304.5 2 0
github.com/joey1123455/getEasyCoins/storage/Storage.go:305.4,306.15 2 0
github.com/joey1123455/getEasyCoins/storage/Storage.go:308.11,309.16 1 0
github.com/joey1123455/getEasyCoins/storage/Storage.go:313.2,313.9 1 0
github.com/joey1123455/getEasyCoins/storage/Storage.go:314.24,316.72 2 0
github.com/joey1123455/getEasyCoins/storage/Storage.go:316.72,319.4 2 0
github.com/joey1123455/getEasyCoins/storage/Storage.go:320.3,321.14 2 0
github.com/joey1123455/getEasyCoins/storage/Storage.go:323.29,326.19 3 0
github.com/joey1123455/getEasyCoins/storage/Storage.go:331.50,333.2 1 0
github.com/joey1123455/getEasyCoins/storage/Storage.go:337.50,340.2 2 0
github.com/joey1123455/getEasyCoins/storage/Storage.go:352.160,355.40 2 0
github.com/joey1123455/getEasyCoins/storage/Storage.go:355.40,357.3 1 0
github.com/joey1123455/getEasyCoins/storage/Storage.go:358.2,359.40 2 0
github.com/joey1123455/getEasyCoins/storage/Storage.go:359.40,361.3 1 0
github.com/joey1123455/getEasyCoins/storage/Storage.go:363.2,364.16 2 0
github.com/joey1123455/getEasyCoins/storage/Storage.go:364.16,366.3 1 0
github.com/joey1123455/getEasyCoins/storage/Storage.go:367.2,367.108 1 0
github.com/joey1123455/getEasyCoins/storage/Storage.go:373.182,376.40 2 0
github.com/joey1123455/getEasyCoins/storage/Storage.go:376.40,378.3 1 0
github.com/joey1123455/getEasyCoins/storage/Storage.go:379.2,380.40 2 0
github.com/joey1123455/getEasyCoins/storage/Storage.go:380.40,382.3 1 0
github.com/joey1123455/getEasyCoins/storage/Storage.go:384.2,385.16 2 0
github.com/joey1123455/getEasyCoins/storage/Storage.go:385.16,387.3 1 0
github.com/joey1123455/getEasyCoins/storage/Storage.go:388.2,388.64 1 0
github.com/joey1123455/getEasyCoins/storage/Storage.go:388.64,390.7 2 0
github.com/joey1123455/getEasyCoins/storage/Storage.go:390.7,391.11 1 0
github.com/joey1123455/getEasyCoins/storage/Storage.go:392.23,395.79 2 0
github.com/joey1123455/getEasyCoins/storage/Storage.go:395.79,397.6 1 0
github.com/joey1123455/getEasyCoins/storage/Storage.go:398.5,400.12 2 0
github.com/joey1123455/getEasyCoins/storage/Storage.go:401.24,401.24 0 0
github.com/joey1123455/getEasyCoins/storage/Storage.go:402.29,403.16 1 0
github.com/joey1123455/getEasyCoins/storage/Storage.go:404.17,405.16 1 0
github.com/joey1123455/getEasyCoins/storage/Storage.go:407.28,408.15 1 0
github.com/joey1123455/getEasyCoins/storage/Storage.go:409.16,410.15 1 0
github.com/joey1123455/getEasyCoins/storage/Storage.go:419.89,421.76 2 0
github.com/joey1123455/getEasyCoins/storage/Storage.go:421.76,423.3 1 0
github.com/joey1123455/getEasyCoins/storage/Storage.go:424.2,425.19 2 0
github.com/joey1123455/getEasyCoins/utils/cache.go:21.24,25.2 1 1
github.com/joey1123455/getEasyCoins/utils/cache.go:28.71,34.2 4 1
github.com/joey1123455/getEasyCoins/utils/cache.go:37.53,42.12 4 1
github.com/joey1123455/getEasyCoins/utils/cache.go:42.12,44.3 1 1
github.com/joey1123455/getEasyCoins/utils/cache.go:46.2,46.45 1 1
github.com/joey1123455/getEasyCoins/utils/cache.go:46.45,50.3 2 1
github.com/joey1123455/getEasyCoins/utils/cache.go:52.2,52.25 1 1
github.com/joey1123455/getEasyCoins/utils/cache.go:56.36,61.2 3 1
github.com/joey1123455/getEasyCoins/utils/cache.go:64.25,69.2 3 1
github.com/joey1123455/getEasyCoins/utils/compareStructVal.go:8.52,16.2 5 1
github.com/joey1123455/getEasyCoins/services/gameHistory.go:31.148,36.2 1 1
github.com/joey1123455/getEasyCoins/services/gameHistory.go:51.163,57.2 5 1
github.com/joey1123455/getEasyCoins/services/gameHistory.go:68.119,71.2 2 1
github.com/joey1123455/getEasyCoins/services/gameHistory.go:84.126,87.2 2 1
github.com/joey1123455/getEasyCoins/storage/Storage.go:110.89,112.16 2 1
github.com/joey1123455/getEasyCoins/storage/Storage.go:112.16,114.3 1 0
github.com/joey1123455/getEasyCoins/storage/Storage.go:115.2,115.184 1 1
github.com/joey1123455/getEasyCoins/storage/Storage.go:119.99,121.16 2 0
github.com/joey1123455/getEasyCoins/storage/Storage.go:121.16,123.3 1 0
github.com/joey1123455/getEasyCoins/storage/Storage.go:124.2,124.48 1 0
github.com/joey1123455/getEasyCoins/storage/Storage.go:128.115,130.16 2 0
github.com/joey1123455/getEasyCoins/storage/Storage.go:130.16,132.3 1 0
github.com/joey1123455/getEasyCoins/storage/Storage.go:133.2,133.52 1 0
github.com/joey1123455/getEasyCoins/storage/Storage.go:137.107,139.16 2 0
github.com/joey1123455/getEasyCoins/storage/Storage.go:139.16,141.3 1 0
github.com/joey1123455/getEasyCoins/storage/Storage.go:142.2,142.50 1 0
github.com/joey1123455/getEasyCoins/storage/Storage.go:146.167,148.16 2 1
github.com/joey1123455/getEasyCoins/storage/Storage.go:148.16,150.3 1 0
github.com/joey1123455/getEasyCoins/storage/Storage.go:151.2,151.83 1 1
github.com/joey1123455/getEasyCoins/storage/Storage.go:158.122,160.2 1 0
github.com/joey1123455/getEasyCoins/storage/Storage.go:164.91,166.2 1 0
github.com/joey1123455/getEasyCoins/storage/Storage.go:169.129,171.2 1 0
github.com/joey1123455/getEasyCoins/storage/Storage.go:177.128,179.2 1 0
github.com/joey1123455/getEasyCoins/storage/Storage.go:183.101,185.2 1 0
github.com/joey1123455/getEasyCoins/storage/Storage.go:188.139,190.2 1 0
github.com/joey1123455/getEasyCoins/storage/Storage.go:195.117,199.16 3 1
github.com/joey1123455/getEasyCoins/storage/Storage.go:199.16,201.3 1 1
github.com/joey1123455/getEasyCoins/storage/Storage.go:203.2,205.18 2 0
github.com/joey1123455/getEasyCoins/storage/Storage.go:212.97,214.2 1 0
github.com/joey1123455/getEasyCoins/storage/Storage.go:219.103,221.2 1 0
github.com/joey1123455/getEasyCoins/storage/Storage.go:226.115,230.16 3 1
github.com/joey1123455/getEasyCoins/storage/Storage.go:230.16,232.3 1 1
github.com/joey1123455/getEasyCoins/storage/Storage.go:234.2,236.18 2 0
github.com/joey1123455/getEasyCoins/storage/Storage.go:243.95,245.2 1 0
github.com/joey1123455/getEasyCoins/storage/Storage.go:250.101,252.2 1 0
github.com/joey1123455/getEasyCoins/storage/Storage.go:257.175,259.2 1 1
github.com/joey1123455/getEasyCoins/storage/Storage.go:264.147,266.2 1 0
github.com/joey1123455/getEasyCoins/storage/Storage.go:271.157,273.2 1 0
github.com/joey1123455/getEasyCoins/storage/Storage.go:291.48,293.20 1 0
github.com/joey1123455/getEasyCoins/storage/Storage.go:293.20,295.3 1 0
github.com/joey1123455/getEasyCoins/storage/Storage.go:297.2,297.13 1 0
github.com/joey1123455/getEasyCoins/storage/Storage.go:297.13,298.10 1 0
github.com/joey1123455/getEasyCoins/storage/Storage.go:299.25,301.73 2 0
github.com/joey1123455/getEasyCoins/storage/Storage.go:301.73,304.5 2 0
github.com/joey1123455/getEasyCoins/storage/Storage.go:305.4,306.15 2 0
github.com/joey1123455/getEasyCoins/storage/Storage.go:308.11,309.16 1 0
github.com/joey1123455/getEasyCoins/storage/Storage.go:313.2,313.9 1 0
github.com/joey1123455/getEasyCoins/storage/Storage.go:314.24,316.72 2 0
github.com/joey1123455/getEasyCoins/storage/Storage.go:316.72,319.4 2 0
github.com/joey1123455/getEasyCoins/storage/Storage.go:320.3,321.14 2 0
github.com/joey1123455/getEasyCoins/storage/Storage.go:323.29,326.19 3 0
github.com/joey1123455/getEasyCoins/storage/Storage.go:331.50,333.2 1 0
github.com/joey1123455/getEasyCoins/storage/Storage.go:337.50,340.2 2 0
github.com/joey1123455/getEasyCoins/storage/Storage.go:352.160,355.40 2 0
github.com/joey1123455/getEasyCoins/storage/Storage.go:355.40,357.3 1 0
github.com/joey1123455/getEasyCoins/storage/Storage.go:358.2,359.40 2 0
github.com/joey1123455/getEasyCoins/storage/Storage.go:359.40,361.3 1 0
github.com/joey1123455/getEasyCoins/storage/Storage.go:363.2,364.16 2 0
github.com/joey1123455/getEasyCoins/storage/Storage.go:364.16,366.3 1 0
github.com/joey1123455/getEasyCoins/storage/Storage.go:367.2,367.108 1 0
github.com/joey1123455/getEasyCoins/storage/Storage.go:373.182,376.40 2 0
github.com/joey1123455/getEasyCoins/storage/Storage.go:376.40,378.3 1 0
github.com/joey1123455/getEasyCoins/storage/Storage.go:379.2,380.40 2 0
github.com/joey1123455/getEasyCoins/storage/Storage.go:380.40,382.3 1 0
github.com/joey1123455/getEasyCoins/storage/Storage.go:384.2,385.16 2 0
github.com/joey1123455/getEasyCoins/storage/Storage.go:385.16,387.3 1 0
github.com/joey1123455/getEasyCoins/storage/Storage.go:388.2,388.64 1 0
github.com/joey1123455/getEasyCoins/storage/Storage.go:388.64,390.7 2 0
github.com/joey1123455/getEasyCoins/storage/Storage.go:390.7,391.11 1 0
github.com/joey1123455/getEasyCoins/storage/Storage.go:392.23,395.79 2 0
github.com/joey1123455/getEasyCoins/storage/Storage.go:395.79,397.6 1 0
github.com/joey1123455/getEasyCoins/storage/Storage.go:398.5,400.12 2 0
github.com/joey1123455/getEasyCoins/storage/Storage.go:401.24,401.24 0 0
github.com/joey1123455/getEasyCoins/storage/Storage.go:402.29,403.16 1 0
github.com/joey1123455/getEasyCoins/storage/Storage.go:404.17,405.16 1 0
github.com/joey1123455/getEasyCoins/storage/Storage.go:407.28,408.15 1 0
github.com/joey1123455/getEasyCoins/storage/Storage.go:409.16,410.15 1 0
github.com/joey1123455/getEasyCoins/storage/Storage.go:419.89,421.76 2 0
github.com/joey1123455/getEasyCoins/storage/Storage.go:421.76,423.3 1 0
github.com/joey1123455/getEasyCoins/storage/Storage.go:424.2,425.19 2 0
github.com/joey1123455/getEasyCoins/handlers/gameHistory.go:40.175,48.2 1 1
github.com/joey1123455/getEasyCoins/handlers/gameHistory.go:61.62,63.54 2 1
github.com/joey1123455/getEasyCoins/handlers/gameHistory.go:63.54,70.3 3 0
github.com/joey1123455/getEasyCoins/handlers/gameHistory.go:72.2,73.16 2 1
github.com/joey1123455/getEasyCoins/handlers/gameHistory.go:73.16,80.3 3 1
github.com/joey1123455/getEasyCoins/handlers/gameHistory.go:81.2,85.40 2 0
github.com/joey1123455/getEasyCoins/handlers/gameHistory.go:101.60,106.28 4 1
github.com/joey1123455/getEasyCoins/handlers/gameHistory.go:106.28,114.3 4 1
github.com/joey1123455/getEasyCoins/handlers/gameHistory.go:116.2,117.32 2 1
github.com/joey1123455/getEasyCoins/handlers/gameHistory.go:117.32,125.3 4 1
github.com/joey1123455/getEasyCoins/handlers/gameHistory.go:128.2,128.42 1 1
github.com/joey1123455/getEasyCoins/handlers/gameHistory.go:128.42,130.17 2 1
github.com/joey1123455/getEasyCoins/handlers/gameHistory.go:130.17,138.4 4 0
github.com/joey1123455/getEasyCoins/handlers/gameHistory.go:140.3,141.17 2 1
github.com/joey1123455/getEasyCoins/handlers/gameHistory.go:141.17,149.4 4 1
github.com/joey1123455/getEasyCoins/handlers/gameHistory.go:151.3,151.45 1 0
github.com/joey1123455/getEasyCoins/handlers/gameHistory.go:151.45,153.4 1 0
github.com/joey1123455/getEasyCoins/handlers/gameHistory.go:155.3,155.39 1 0
github.com/joey1123455/getEasyCoins/handlers/gameHistory.go:158.2,163.19 5 0
github.com/joey1123455/getEasyCoins/handlers/gameHistory.go:163.19,170.3 3 0
github.com/joey1123455/getEasyCoins/handlers/gameHistory.go:172.2,172.28 1 0
github.com/joey1123455/getEasyCoins/handlers/gameHistory.go:172.28,179.3 3 0
github.com/joey1123455/getEasyCoins/handlers/gameHistory.go:180.2,180.25 1 0
github.com/joey1123455/getEasyCoins/handlers/gameHistory.go:180.25,182.3 1 0
github.com/joey1123455/getEasyCoins/handlers/gameHistory.go:183.2,188.8 3 0
github.com/joey1123455/getEasyCoins/handlers/gameHistory.go:204.60,210.28 5 1
github.com/joey1123455/getEasyCoins/handlers/gameHistory.go:210.28,218.3 4 1
github.com/joey1123455/getEasyCoins/handlers/gameHistory.go:220.2,221.32 2 1
github.com/joey1123455/getEasyCoins/handlers/gameHistory.go:221.32,229.3 4 1
github.com/joey1123455/getEasyCoins/handlers/gameHistory.go:232.2,232.42 1 1
github.com/joey1123455/getEasyCoins/handlers/gameHistory.go:232.42,233.17 1 1
github.com/joey1123455/getEasyCoins/handlers/gameHistory.go:233.17,241.4 4 0
github.com/joey1123455/getEasyCoins/handlers/gameHistory.go:243.3,244.17 2 1
github.com/joey1123455/getEasyCoins/handlers/gameHistory.go:244.17,252.4 4 1
github.com/joey1123455/getEasyCoins/handlers/gameHistory.go:254.3,254.45 1 0
github.com/joey1123455/getEasyCoins/handlers/gameHistory.go:254.45,256.4 1 0
github.com/joey1123455/getEasyCoins/handlers/gameHistory.go:258.3,258.39 1 0
github.com/joey1123455/getEasyCoins/handlers/gameHistory.go:261.2,264.19 3 0
github.com/joey1123455/getEasyCoins/handlers/gameHistory.go:264.19,271.3 3 0
github.com/joey1123455/getEasyCoins/handlers/gameHistory.go:273.2,275.28 3 0
github.com/joey1123455/getEasyCoins/handlers/gameHistory.go:275.28,282.3 3 0
github.com/joey1123455/getEasyCoins/handlers/gameHistory.go:283.2,283.25 1 0
github.com/joey1123455/getEasyCoins/handlers/gameHistory.go:283.25,285.3 1 0
github.com/joey1123455/getEasyCoins/handlers/gameHistory.go:286.2,291.8 3 0
github.com/joey1123455/getEasyCoins/storage/Storage.go:110.89,112.16 2 1
github.com/joey1123455/getEasyCoins/storage/Storage.go:112.16,114.3 1 0
github.com/joey1123455/getEasyCoins/storage/Storage.go:115.2,115.184 1 1
github.com/joey1123455/getEasyCoins/storage/Storage.go:119.99,121.16 2 0
github.com/joey1123455/getEasyCoins/storage/Storage.go:121.16,123.3 1 0
github.com/joey1123455/getEasyCoins/storage/Storage.go:124.2,124.48 1 0
github.com/joey1123455/getEasyCoins/storage/Storage.go:128.115,130.16 2 0
github.com/joey1123455/getEasyCoins/storage/Storage.go:130.16,132.3 1 0
github.com/joey1123455/getEasyCoins/storage/Storage.go:133.2,133.52 1 0
github.com/joey1123455/getEasyCoins/storage/Storage.go:137.107,139.16 2 0
github.com/joey1123455/getEasyCoins/storage/Storage.go:139.16,141.3 1 0
github.com/joey1123455/getEasyCoins/storage/Storage.go:142.2,142.50 1 0
github.com/joey1123455/getEasyCoins/storage/Storage.go:146.167,148.16 2 1
github.com/joey1123455/getEasyCoins/storage/Storage.go:148.16,150.3 1 0
github.com/joey1123455/getEasyCoins/storage/Storage.go:151.2,151.83 1 1
github.com/joey1123455/getEasyCoins/storage/Storage.go:158.122,160.2 1 0
github.com/joey1123455/getEasyCoins/storage/Storage.go:164.91,166.2 1 0
github.com/joey1123455/getEasyCoins/storage/Storage.go:169.129,171.2 1 0
github.com/joey1123455/getEasyCoins/storage/Storage.go:177.128,179.2 1 0
github.com/joey1123455/getEasyCoins/storage/Storage.go:183.101,185.2 1 0
github.com/joey1123455/getEasyCoins/storage/Storage.go:188.139,190.2 1 0
github.com/joey1123455/getEasyCoins/storage/Storage.go:195.117,199.16 3 1
github.com/joey1123455/getEasyCoins/storage/Storage.go:199.16,201.3 1 1
github.com/joey1123455/getEasyCoins/storage/Storage.go:203.2,205.18 2 0
github.com/joey1123455/getEasyCoins/storage/Storage.go:212.97,214.2 1 0
github.com/joey1123455/getEasyCoins/storage/Storage.go:219.103,221.2 1 0
github.com/joey1123455/getEasyCoins/storage/Storage.go:226.115,230.16 3 1
github.com/joey1123455/getEasyCoins/storage/Storage.go:230.16,232.3 1 1
github.com/joey1123455/getEasyCoins/storage/Storage.go:234.2,236.18 2 0
github.com/joey1123455/getEasyCoins/storage/Storage.go:243.95,245.2 1 0
github.com/joey1123455/getEasyCoins/storage/Storage.go:250.101,252.2 1 0
github.com/joey1123455/getEasyCoins/storage/Storage.go:257.175,259.2 1 1
github.com/joey1123455/getEasyCoins/storage/Storage.go:264.147,266.2 1 0
github.com/joey1123455/getEasyCoins/storage/Storage.go:271.157,273.2 1 0
github.com/joey1123455/getEasyCoins/storage/Storage.go:291.48,293.20 1 0
github.com/joey1123455/getEasyCoins/storage/Storage.go:293.20,295.3 1 0
github.com/joey1123455/getEasyCoins/storage/Storage.go:297.2,297.13 1 0
github.com/joey1123455/getEasyCoins/storage/Storage.go:297.13,298.10 1 0
github.com/joey1123455/getEasyCoins/storage/Storage.go:299.25,301.73 2 0
github.com/joey1123455/getEasyCoins/storage/Storage.go:301.73,304.5 2 0
github.com/joey1123455/getEasyCoins/storage/Storage.go:305.4,306.15 2 0
github.com/joey1123455/getEasyCoins/storage/Storage.go:308.11,309.16 1 0
github.com/joey1123455/getEasyCoins/storage/Storage.go:313.2,313.9 1 0
github.com/joey1123455/getEasyCoins/storage/Storage.go:314.24,316.72 2 0
github.com/joey1123455/getEasyCoins/storage/Storage.go:316.72,319.4 2 0
github.com/joey1123455/getEasyCoins/storage/Storage.go:320.3,321.14 2 0
github.com/joey1123455/getEasyCoins/storage/Storage.go:323.29,326.19 3 0
github.com/joey1123455/getEasyCoins/storage/Storage.go:331.50,333.2 1 0
github.com/joey1123455/getEasyCoins/storage/Storage.go:337.50,340.2 2 0
github.com/joey1123455/getEasyCoins/storage/Storage.go:352.160,355.40 2 0
github.com/joey1123455/getEasyCoins/storage/Storage.go:355.40,357.3 1 0
github.com/joey1123455/getEasyCoins/storage/Storage.go:358.2,359.40 2 0
github.com/joey1123455/getEasyCoins/storage/Storage.go:359.40,361.3 1 0
github.com/joey1123455/getEasyCoins/storage/Storage.go:363.2,364.16 2 0
github.com/joey1123455/getEasyCoins/storage/Storage.go:364.16,366.3 1 0
github.com/joey1123455/getEasyCoins/storage/Storage.go:367.2,367.108 1 0
github.com/joey1123455/getEasyCoins/storage/Storage.go:373.182,376.40 2 0
github.com/joey1123455/getEasyCoins/storage/Storage.go:376.40,378.3 1 0
github.com/joey1123455/getEasyCoins/storage/Storage.go:379.2,380.40 2 0
github.com/joey1123455/getEasyCoins/storage/Storage.go:380.40,382.3 1 0
github.com/joey1123455/getEasyCoins/storage/Storage.go:384.2,385.16 2 0
github.com/joey1123455/getEasyCoins/storage/Storage.go:385.16,387.3 1 0
github.com/joey1123455/getEasyCoins/storage/Storage.go:388.2,388.64 1 0
github.com/joey1123455/getEasyCoins/storage/Storage.go:388.64,390.7 2 0
github.com/joey1123455/getEasyCoins/storage/Storage.go:390.7,391.11 1 0
github.com/joey1123455/getEasyCoins/storage/Storage.go:392.23,395.79 2 0
github.com/joey1123455/getEasyCoins/storage/Storage.go:395.79,397.6 1 0
github.com/joey1123455/getEasyCoins/storage/Storage.go:398.5,400.12 2 0
github.com/joey1123455/getEasyCoins/storage/Storage.go:401.24,401.24 0 0
github.com/joey1123455/getEasyCoins/storage/Storage.go:402.29,403.16 1 0
github.com/joey1123455/getEasyCoins/storage/Storage.go:404.17,405.16 1 0
github.com/joey1123455/getEasyCoins/storage/Storage.go:407.28,408.15 1 0
github.com/joey1123455/getEasyCoins/storage/Storage.go:409.16,410.15 1 0
github.com/joey1123455/getEasyCoins/storage/Storage.go:419.89,421.76 2 0
github.com/joey1123455/getEasyCoins/storage/Storage.go:421.76,423.3 1 0
github.com/joey1123455/getEasyCoins/storage/Storage.go:424.2,425.19 2 0
